<?xml version="1.0" encoding="UTF-8"?>
<!-- Generated by org.testng.reporters.JUnitReportReporter -->
<testsuite hostname="DESKTOP-M3CLOO2" failures="0" tests="2" name="tests.TestExample" time="3.015" errors="0" timestamp="2023-07-16T00:43:35 EDT" skipped="0">
  <testcase classname="tests.TestExample" name="test1" time="2.089"/>
  <system-out/>
  <testcase classname="tests.TestExample" name="test2" time="0.926"/>
  <system-out/>
</testsuite> <!-- tests.TestExample -->
