<?xml version="1.0" encoding="UTF-8"?>
<!-- Generated by org.testng.reporters.JUnitReportReporter -->
<testsuite hostname="DESKTOP-M3CLOO2" failures="0" tests="1" name="tests.GetAndPost" time="1.518" errors="0" timestamp="2023-07-16T02:02:59 EDT" skipped="0">
  <testcase classname="tests.GetAndPost" name="testPost" time="1.518"/>
  <system-out/>
</testsuite> <!-- tests.GetAndPost -->
