<?xml version="1.0" encoding="UTF-8"?>
<!-- Generated by org.testng.reporters.JUnitReportReporter -->
<testsuite hostname="DESKTOP-M3CLOO2" failures="0" tests="1" name="tests.JsonSchemaValidator" time="1.462" errors="0" timestamp="2023-07-17T13:09:47 EDT" skipped="0">
  <testcase classname="tests.JsonSchemaValidator" name="testGet" time="1.462"/>
  <system-out/>
</testsuite> <!-- tests.JsonSchemaValidator -->
