<?xml version="1.0" encoding="UTF-8"?>
<!-- Generated by org.testng.reporters.JUnitReportReporter -->
<testsuite hostname="DESKTOP-M3CLOO2" failures="0" tests="3" name="tests.putPatchDelete" time="1.930" errors="0" timestamp="2023-07-16T02:10:51 EDT" skipped="0">
  <testcase classname="tests.putPatchDelete" name="testDelete" time="1.398"/>
  <system-out/>
  <testcase classname="tests.putPatchDelete" name="testPatch" time="0.288"/>
  <system-out/>
  <testcase classname="tests.putPatchDelete" name="testPut" time="0.244"/>
  <system-out/>
</testsuite> <!-- tests.putPatchDelete -->
